<?xml version="1.0" encoding="UTF-8"?>
<testng-results ignored="0" total="2" passed="2" failed="0" skipped="0">
  <reporter-output>
  </reporter-output>
  <suite started-at="2022-06-22T01:15:29 IST" name="Suite" finished-at="2022-06-22T01:15:48 IST" duration-ms="19139">
    <groups>
    </groups>
    <test started-at="2022-06-22T01:15:29 IST" name="Test" finished-at="2022-06-22T01:15:48 IST" duration-ms="19139">
      <class name="demoblaze_test.LoginPage_Test">
        <test-method is-config="true" signature="launchUrl()[pri:0, instance:demoblaze_test.LoginPage_Test@663c9e7a]" started-at="2022-06-22T01:15:29 IST" name="launchUrl" finished-at="2022-06-22T01:15:35 IST" duration-ms="5444" status="PASS">
          <reporter-output>
          </reporter-output>
        </test-method> <!-- launchUrl -->
        <test-method signature="addItem()[pri:0, instance:demoblaze_test.LoginPage_Test@663c9e7a]" started-at="2022-06-22T01:15:35 IST" name="addItem" finished-at="2022-06-22T01:15:36 IST" duration-ms="797" status="PASS">
          <reporter-output>
          </reporter-output>
        </test-method> <!-- addItem -->
        <test-method is-config="true" signature="tearDown()[pri:0, instance:demoblaze_test.LoginPage_Test@663c9e7a]" started-at="2022-06-22T01:15:36 IST" name="tearDown" finished-at="2022-06-22T01:15:36 IST" duration-ms="656" status="PASS">
          <reporter-output>
          </reporter-output>
        </test-method> <!-- tearDown -->
      </class> <!-- demoblaze_test.LoginPage_Test -->
      <class name="demoblaze_test.AddItem_Test">
        <test-method is-config="true" signature="launchUrl()[pri:0, instance:demoblaze_test.AddItem_Test@5ddeb7cb]" started-at="2022-06-22T01:15:36 IST" name="launchUrl" finished-at="2022-06-22T01:15:39 IST" duration-ms="2663" status="PASS">
          <reporter-output>
          </reporter-output>
        </test-method> <!-- launchUrl -->
        <test-method signature="addItem()[pri:0, instance:demoblaze_test.AddItem_Test@5ddeb7cb]" started-at="2022-06-22T01:15:39 IST" name="addItem" finished-at="2022-06-22T01:15:48 IST" duration-ms="8820" status="PASS">
          <reporter-output>
          </reporter-output>
        </test-method> <!-- addItem -->
        <test-method is-config="true" signature="tearDown()[pri:0, instance:demoblaze_test.AddItem_Test@5ddeb7cb]" started-at="2022-06-22T01:15:48 IST" name="tearDown" finished-at="2022-06-22T01:15:48 IST" duration-ms="702" status="PASS">
          <reporter-output>
          </reporter-output>
        </test-method> <!-- tearDown -->
      </class> <!-- demoblaze_test.AddItem_Test -->
    </test> <!-- Test -->
  </suite> <!-- Suite -->
</testng-results>
